{"C:\\Users\\Admin\\Documents\\Workspace\\Personal\\counter-app\\src\\App.jsx": {"path":"C:\\Users\\Admin\\Documents\\Workspace\\Personal\\counter-app\\src\\App.jsx","all":true,"statementMap":{"1":{"start":{"line":2,"column":0},"end":{"line":2,"column":26}},"2":{"start":{"line":3,"column":0},"end":{"line":3,"column":43}},"4":{"start":{"line":5,"column":0},"end":{"line":5,"column":16}},"5":{"start":{"line":6,"column":0},"end":{"line":6,"column":12}},"6":{"start":{"line":7,"column":0},"end":{"line":7,"column":13}},"7":{"start":{"line":8,"column":0},"end":{"line":8,"column":39}},"8":{"start":{"line":9,"column":0},"end":{"line":9,"column":23}},"9":{"start":{"line":10,"column":0},"end":{"line":10,"column":14}},"11":{"start":{"line":12,"column":0},"end":{"line":12,"column":1}},"13":{"start":{"line":14,"column":0},"end":{"line":14,"column":19}}},"s":{"1":0,"2":0,"4":0,"5":0,"6":0,"7":0,"8":0,"9":0,"11":0,"13":0},"branchMap":{"0":{"type":"branch","line":1,"loc":{"start":{"line":1,"column":143},"end":{"line":14,"column":-135}},"locations":[{"start":{"line":1,"column":143},"end":{"line":14,"column":-135}}]}},"b":{"0":[1]},"fnMap":{"0":{"name":"(empty-report)","decl":{"start":{"line":1,"column":143},"end":{"line":14,"column":-135}},"loc":{"start":{"line":1,"column":143},"end":{"line":14,"column":-135}},"line":1}},"f":{"0":1}}
,"C:\\Users\\Admin\\Documents\\Workspace\\Personal\\counter-app\\src\\main.jsx": {"path":"C:\\Users\\Admin\\Documents\\Workspace\\Personal\\counter-app\\src\\main.jsx","all":true,"statementMap":{"0":{"start":{"line":1,"column":0},"end":{"line":1,"column":34}},"1":{"start":{"line":2,"column":0},"end":{"line":2,"column":45}},"2":{"start":{"line":3,"column":0},"end":{"line":3,"column":20}},"3":{"start":{"line":4,"column":0},"end":{"line":4,"column":27}},"5":{"start":{"line":6,"column":0},"end":{"line":6,"column":51}},"6":{"start":{"line":7,"column":0},"end":{"line":7,"column":14}},"7":{"start":{"line":8,"column":0},"end":{"line":8,"column":11}},"8":{"start":{"line":9,"column":0},"end":{"line":9,"column":16}},"9":{"start":{"line":10,"column":0},"end":{"line":10,"column":1}}},"s":{"0":0,"1":0,"2":0,"3":0,"5":0,"6":0,"7":0,"8":0,"9":0},"branchMap":{"0":{"type":"branch","line":1,"loc":{"start":{"line":1,"column":202},"end":{"line":10,"column":-147}},"locations":[{"start":{"line":1,"column":202},"end":{"line":10,"column":-147}}]}},"b":{"0":[0]},"fnMap":{"0":{"name":"(empty-report)","decl":{"start":{"line":1,"column":202},"end":{"line":10,"column":-147}},"loc":{"start":{"line":1,"column":202},"end":{"line":10,"column":-147}},"line":1}},"f":{"0":0}}
,"C:\\Users\\Admin\\Documents\\Workspace\\Personal\\counter-app\\src\\components\\Counter.jsx": {"path":"C:\\Users\\Admin\\Documents\\Workspace\\Personal\\counter-app\\src\\components\\Counter.jsx","all":false,"statementMap":{"1":{"start":{"line":2,"column":0},"end":{"line":2,"column":26}},"2":{"start":{"line":3,"column":0},"end":{"line":3,"column":49}},"4":{"start":{"line":5,"column":0},"end":{"line":5,"column":35}},"5":{"start":{"line":6,"column":0},"end":{"line":6,"column":64}},"7":{"start":{"line":8,"column":0},"end":{"line":8,"column":34}},"8":{"start":{"line":9,"column":0},"end":{"line":9,"column":13}},"9":{"start":{"line":10,"column":0},"end":{"line":10,"column":67}},"10":{"start":{"line":11,"column":0},"end":{"line":11,"column":6}},"12":{"start":{"line":13,"column":0},"end":{"line":13,"column":12}},"13":{"start":{"line":14,"column":0},"end":{"line":14,"column":13}},"14":{"start":{"line":15,"column":0},"end":{"line":15,"column":76}},"15":{"start":{"line":16,"column":0},"end":{"line":16,"column":90}},"16":{"start":{"line":17,"column":0},"end":{"line":17,"column":90}},"17":{"start":{"line":18,"column":0},"end":{"line":18,"column":78}},"18":{"start":{"line":19,"column":0},"end":{"line":19,"column":14}},"20":{"start":{"line":21,"column":0},"end":{"line":21,"column":2}},"22":{"start":{"line":23,"column":0},"end":{"line":23,"column":23}}},"s":{"1":1,"2":1,"4":1,"5":2,"7":2,"8":1,"9":1,"10":1,"12":2,"13":2,"14":2,"15":2,"16":2,"17":2,"18":2,"20":2,"22":1},"branchMap":{"0":{"type":"branch","line":5,"loc":{"start":{"line":5,"column":16},"end":{"line":21,"column":2}},"locations":[{"start":{"line":5,"column":16},"end":{"line":21,"column":2}}]},"1":{"type":"branch","line":8,"loc":{"start":{"line":8,"column":19},"end":{"line":11,"column":6}},"locations":[{"start":{"line":8,"column":19},"end":{"line":11,"column":6}}]},"2":{"type":"branch","line":8,"loc":{"start":{"line":8,"column":27},"end":{"line":11,"column":6}},"locations":[{"start":{"line":8,"column":27},"end":{"line":11,"column":6}}]}},"b":{"0":[2],"1":[6],"2":[1]},"fnMap":{"0":{"name":"Counter","decl":{"start":{"line":5,"column":16},"end":{"line":21,"column":2}},"loc":{"start":{"line":5,"column":16},"end":{"line":21,"column":2}},"line":5},"1":{"name":"handle","decl":{"start":{"line":8,"column":19},"end":{"line":11,"column":6}},"loc":{"start":{"line":8,"column":19},"end":{"line":11,"column":6}},"line":8}},"f":{"0":2,"1":6}}
,"C:\\Users\\Admin\\Documents\\Workspace\\Personal\\counter-app\\src\\hooks\\useCounter.js": {"path":"C:\\Users\\Admin\\Documents\\Workspace\\Personal\\counter-app\\src\\hooks\\useCounter.js","all":false,"statementMap":{"0":{"start":{"line":1,"column":0},"end":{"line":1,"column":26}},"1":{"start":{"line":2,"column":0},"end":{"line":2,"column":56}},"2":{"start":{"line":3,"column":0},"end":{"line":3,"column":0}},"3":{"start":{"line":4,"column":0},"end":{"line":4,"column":74}},"4":{"start":{"line":5,"column":0},"end":{"line":5,"column":48}},"5":{"start":{"line":6,"column":0},"end":{"line":6,"column":0}},"6":{"start":{"line":7,"column":0},"end":{"line":7,"column":29}},"7":{"start":{"line":8,"column":0},"end":{"line":8,"column":45}},"8":{"start":{"line":9,"column":0},"end":{"line":9,"column":6}},"9":{"start":{"line":10,"column":0},"end":{"line":10,"column":0}},"10":{"start":{"line":11,"column":0},"end":{"line":11,"column":29}},"11":{"start":{"line":12,"column":0},"end":{"line":12,"column":45}},"12":{"start":{"line":13,"column":0},"end":{"line":13,"column":6}},"13":{"start":{"line":14,"column":0},"end":{"line":14,"column":0}},"14":{"start":{"line":15,"column":0},"end":{"line":15,"column":42}},"15":{"start":{"line":16,"column":0},"end":{"line":16,"column":0}},"16":{"start":{"line":17,"column":0},"end":{"line":17,"column":50}},"17":{"start":{"line":18,"column":0},"end":{"line":18,"column":2}}},"s":{"0":1,"1":1,"2":1,"3":1,"4":12,"5":12,"6":12,"7":8,"8":12,"9":12,"10":12,"11":11,"12":12,"13":12,"14":12,"15":12,"16":12,"17":12},"branchMap":{"0":{"type":"branch","line":4,"loc":{"start":{"line":4,"column":26},"end":{"line":18,"column":2}},"locations":[{"start":{"line":4,"column":26},"end":{"line":18,"column":2}}]},"1":{"type":"branch","line":7,"loc":{"start":{"line":7,"column":22},"end":{"line":9,"column":5}},"locations":[{"start":{"line":7,"column":22},"end":{"line":9,"column":5}}]},"2":{"type":"branch","line":11,"loc":{"start":{"line":11,"column":22},"end":{"line":13,"column":5}},"locations":[{"start":{"line":11,"column":22},"end":{"line":13,"column":5}}]},"3":{"type":"branch","line":15,"loc":{"start":{"line":15,"column":18},"end":{"line":15,"column":41}},"locations":[{"start":{"line":15,"column":18},"end":{"line":15,"column":41}}]}},"b":{"0":[12],"1":[8],"2":[11],"3":[1]},"fnMap":{"0":{"name":"useCounter","decl":{"start":{"line":4,"column":26},"end":{"line":18,"column":2}},"loc":{"start":{"line":4,"column":26},"end":{"line":18,"column":2}},"line":4},"1":{"name":"increment","decl":{"start":{"line":7,"column":22},"end":{"line":9,"column":5}},"loc":{"start":{"line":7,"column":22},"end":{"line":9,"column":5}},"line":7},"2":{"name":"decrement","decl":{"start":{"line":11,"column":22},"end":{"line":13,"column":5}},"loc":{"start":{"line":11,"column":22},"end":{"line":13,"column":5}},"line":11},"3":{"name":"reset","decl":{"start":{"line":15,"column":18},"end":{"line":15,"column":41}},"loc":{"start":{"line":15,"column":18},"end":{"line":15,"column":41}},"line":15}},"f":{"0":12,"1":8,"2":11,"3":1}}
}
